<?xml version="1.0" encoding="UTF-8"?>
<testsuite xmlns:xsi="http://www.w3.org/2001/XMLSchema-instance" xsi:noNamespaceSchemaLocation="https://maven.apache.org/surefire/maven-surefire-plugin/xsd/surefire-test-report.xsd" name="TestCreateOrder" time="1.062" tests="4" errors="0" skipped="0" failures="0">
  <properties>
[...]
</properties>
  <testcase name="testOnlyGreyColor" classname="TestCreateOrder" time="0.265"/>
  <testcase name="testBlackAndGreyColors" classname="TestCreateOrder" time="0.281"/>
  <testcase name="testOnlyBlackColor" classname="TestCreateOrder" time="0.263"/>
  <testcase name="testEmptyColors" classname="TestCreateOrder" time="0.252"/>
</testsuite>